<?xml version="1.0" encoding="UTF-8"?>
<testsuite name="NumericTransferTest" tests="9" skipped="0" failures="0" errors="0" timestamp="2020-03-24T15:23:24" hostname="LAPTOP-LCKOCNDG" time="0.023">
  <properties/>
  <testcase name="decimalToBinary0" classname="NumericTransferTest" time="0.002"/>
  <testcase name="decimalToBinary1" classname="NumericTransferTest" time="0.006"/>
  <testcase name="decimalToBinary6" classname="NumericTransferTest" time="0.0"/>
  <testcase name="binaryToDecimal128" classname="NumericTransferTest" time="0.0"/>
  <testcase name="binaryToDecimal255" classname="NumericTransferTest" time="0.002"/>
  <testcase name="binaryToDecimal0" classname="NumericTransferTest" time="0.0"/>
  <testcase name="binaryToDecimal1" classname="NumericTransferTest" time="0.0"/>
  <testcase name="binaryToDecimal6" classname="NumericTransferTest" time="0.002"/>
  <testcase name="decimalToBinary255" classname="NumericTransferTest" time="0.0"/>
  <system-out><![CDATA[]]></system-out>
  <system-err><![CDATA[]]></system-err>
</testsuite>
