<?xml version="1.0" encoding="UTF-8"?>
<testsuite name="MainTest" tests="4" skipped="0" failures="0" errors="0" timestamp="2020-05-28T13:07:02" hostname="LAPTOP-LCKOCNDG" time="0.059">
  <properties/>
  <testcase name="main_GiveEmptyString_ShouldShowMistakeMessage" classname="MainTest" time="0.049"/>
  <testcase name="main_GiveDoubleDigitString_ShouldReturnSequenceNumberRoundedTo3Character" classname="MainTest" time="0.005"/>
  <testcase name="main_GiveNonDigitString_ShouldShowMistakeMessage" classname="MainTest" time="0.001"/>
  <testcase name="main_GiveDigitString_ShouldReturnSequenceNumber" classname="MainTest" time="0.001"/>
  <system-out><![CDATA[]]></system-out>
  <system-err><![CDATA[]]></system-err>
</testsuite>
