<?xml version="1.0" encoding="UTF-8"?>
<testsuite name="FindAndReplaceTest" tests="1" skipped="0" failures="0" errors="0" timestamp="2020-05-28T13:19:22" hostname="LAPTOP-LCKOCNDG" time="0.005">
  <properties/>
  <testcase name="main_StringWithoutSearchStringInside_ShouldShowOriginalString" classname="FindAndReplaceTest" time="0.005"/>
  <system-out><![CDATA[]]></system-out>
  <system-err><![CDATA[]]></system-err>
</testsuite>
